OpenROAD v2.0-8453-g93fdf28ec 
This program is licensed under the BSD-3 license. See the LICENSE file for details.
Components of this program may be licensed under more restrictive licenses which must be honored.
[INFO GPL-0002] DBU: 1000
[INFO GPL-0003] SiteSize: 54 270
[INFO GPL-0004] CoreAreaLxLy: 2052 2160
[INFO GPL-0005] CoreAreaUxUy: 76788 76680
[INFO GPL-0006] NumInstances: 21702
[INFO GPL-0007] NumPlaceInstances: 20872
[INFO GPL-0008] NumFixedInstances: 830
[INFO GPL-0009] NumDummyInstances: 0
[INFO GPL-0010] NumNets: 21137
[INFO GPL-0011] NumPins: 70781
[INFO GPL-0012] DieAreaLxLy: 0 0
[INFO GPL-0013] DieAreaUxUy: 78835 78835
[INFO GPL-0014] CoreAreaLxLy: 2052 2160
[INFO GPL-0015] CoreAreaUxUy: 76788 76680
[INFO GPL-0016] CoreArea: 5569326720
[INFO GPL-0017] NonPlaceInstsArea: 24202800
[INFO GPL-0018] PlaceInstsArea: 3345672600
[INFO GPL-0019] Util(%): 60.34
[INFO GPL-0020] StdInstsArea: 3345672600
[INFO GPL-0021] MacroInstsArea: 0
[INFO GPL-0031] FillerInit: NumGCells: 22535
[INFO GPL-0032] FillerInit: NumGNets: 21137
[INFO GPL-0033] FillerInit: NumGPins: 70781
[INFO GPL-0023] TargetDensity: 0.65
[INFO GPL-0024] AveragePlaceInstArea: 160294
[INFO GPL-0025] IdealBinArea: 246606
[INFO GPL-0026] IdealBinCnt: 22583
[INFO GPL-0027] TotalBinArea: 5569326720
[INFO GPL-0028] BinCnt: 128 128
[INFO GPL-0029] BinSize: 584 583
[INFO GPL-0030] NumBins: 16384
[NesterovSolve] Iter: 1 overflow: 0.995389 HPWL: 15565096
[NesterovSolve] Iter: 10 overflow: 0.996201 HPWL: 2494955
[NesterovSolve] Iter: 20 overflow: 0.996489 HPWL: 2224763
[NesterovSolve] Iter: 30 overflow: 0.99648 HPWL: 2188624
[NesterovSolve] Iter: 40 overflow: 0.996402 HPWL: 2183510
[NesterovSolve] Iter: 50 overflow: 0.996391 HPWL: 2183993
[NesterovSolve] Iter: 60 overflow: 0.996392 HPWL: 2188381
[NesterovSolve] Iter: 70 overflow: 0.996389 HPWL: 2198396
[NesterovSolve] Iter: 80 overflow: 0.996384 HPWL: 2221748
[NesterovSolve] Iter: 90 overflow: 0.996226 HPWL: 2279759
[NesterovSolve] Iter: 100 overflow: 0.995963 HPWL: 2420439
[NesterovSolve] Iter: 110 overflow: 0.994773 HPWL: 2776064
[NesterovSolve] Iter: 120 overflow: 0.9925 HPWL: 3458523
[NesterovSolve] Iter: 130 overflow: 0.988602 HPWL: 4389286
[NesterovSolve] Iter: 140 overflow: 0.982851 HPWL: 5507584
[NesterovSolve] Iter: 150 overflow: 0.976175 HPWL: 6788246
[NesterovSolve] Iter: 160 overflow: 0.968292 HPWL: 8270481
[NesterovSolve] Iter: 170 overflow: 0.9585 HPWL: 10042611
[NesterovSolve] Iter: 180 overflow: 0.945965 HPWL: 12178113
[NesterovSolve] Iter: 190 overflow: 0.929657 HPWL: 14754497
[NesterovSolve] Iter: 200 overflow: 0.909159 HPWL: 17943032
[NesterovSolve] Iter: 210 overflow: 0.881275 HPWL: 21727093
[NesterovSolve] Iter: 220 overflow: 0.852724 HPWL: 25641275
[NesterovSolve] Iter: 230 overflow: 0.824068 HPWL: 29255046
[NesterovSolve] Iter: 240 overflow: 0.796597 HPWL: 32487091
[NesterovSolve] Iter: 250 overflow: 0.768 HPWL: 35345939
[NesterovSolve] Iter: 260 overflow: 0.739383 HPWL: 37935204
[NesterovSolve] Iter: 270 overflow: 0.709589 HPWL: 40419661
[NesterovSolve] Iter: 280 overflow: 0.67562 HPWL: 42793747
[NesterovSolve] Iter: 290 overflow: 0.639039 HPWL: 44969122
[NesterovSolve] Iter: 300 overflow: 0.60231 HPWL: 46714578
[NesterovSolve] Iter: 310 overflow: 0.563533 HPWL: 48550125
[NesterovSolve] Iter: 320 overflow: 0.518328 HPWL: 50596553
[NesterovSolve] Iter: 330 overflow: 0.46312 HPWL: 52534148
[NesterovSolve] Iter: 340 overflow: 0.403043 HPWL: 54646809
[NesterovSolve] Iter: 350 overflow: 0.34689 HPWL: 56761972
[NesterovSolve] Iter: 360 overflow: 0.303471 HPWL: 57816611
[NesterovSolve] Iter: 370 overflow: 0.266153 HPWL: 58829735
[NesterovSolve] Iter: 380 overflow: 0.23372 HPWL: 59487557
[NesterovSolve] Iter: 390 overflow: 0.204664 HPWL: 60033826
[NesterovSolve] Iter: 400 overflow: 0.178276 HPWL: 60471906
[NesterovSolve] Iter: 410 overflow: 0.155793 HPWL: 60789088
[NesterovSolve] Iter: 420 overflow: 0.136689 HPWL: 61068950
[NesterovSolve] Iter: 430 overflow: 0.11855 HPWL: 61310451
[NesterovSolve] Iter: 440 overflow: 0.10136 HPWL: 61518874
[NesterovSolve] Finished with Overflow: 0.098744
Elapsed time: 0:03.21[h:]min:sec. CPU time: user 3.19 sys 0.02 (100%). Peak memory: 242204KB.
