OpenROAD v2.0-8453-g93fdf28ec 
This program is licensed under the BSD-3 license. See the LICENSE file for details.
Components of this program may be licensed under more restrictive licenses which must be honored.
[INFO GPL-0002] DBU: 1000
[INFO GPL-0003] SiteSize: 54 270
[INFO GPL-0004] CoreAreaLxLy: 2052 2160
[INFO GPL-0005] CoreAreaUxUy: 76788 76680
[INFO GPL-0006] NumInstances: 21702
[INFO GPL-0007] NumPlaceInstances: 20872
[INFO GPL-0008] NumFixedInstances: 830
[INFO GPL-0009] NumDummyInstances: 0
[INFO GPL-0010] NumNets: 21137
[INFO GPL-0011] NumPins: 71169
[INFO GPL-0012] DieAreaLxLy: 0 0
[INFO GPL-0013] DieAreaUxUy: 78835 78835
[INFO GPL-0014] CoreAreaLxLy: 2052 2160
[INFO GPL-0015] CoreAreaUxUy: 76788 76680
[INFO GPL-0016] CoreArea: 5569326720
[INFO GPL-0017] NonPlaceInstsArea: 24202800
[INFO GPL-0018] PlaceInstsArea: 3345672600
[INFO GPL-0019] Util(%): 60.34
[INFO GPL-0020] StdInstsArea: 3345672600
[INFO GPL-0021] MacroInstsArea: 0
[InitialPlace]  Iter: 1 CG residual: 0.00029255 HPWL: 87457812
[InitialPlace]  Iter: 2 CG residual: 0.00004167 HPWL: 36140845
[InitialPlace]  Iter: 3 CG residual: 0.00038675 HPWL: 36139904
[InitialPlace]  Iter: 4 CG residual: 0.00002237 HPWL: 36389274
[InitialPlace]  Iter: 5 CG residual: 0.00000679 HPWL: 36370300
[INFO GPL-0031] FillerInit: NumGCells: 22535
[INFO GPL-0032] FillerInit: NumGNets: 21137
[INFO GPL-0033] FillerInit: NumGPins: 71169
[INFO GPL-0023] TargetDensity: 0.65
[INFO GPL-0024] AveragePlaceInstArea: 160294
[INFO GPL-0025] IdealBinArea: 246606
[INFO GPL-0026] IdealBinCnt: 22583
[INFO GPL-0027] TotalBinArea: 5569326720
[INFO GPL-0028] BinCnt: 128 128
[INFO GPL-0029] BinSize: 584 583
[INFO GPL-0030] NumBins: 16384
[NesterovSolve] Iter: 1 overflow: 0.936281 HPWL: 35821092
[NesterovSolve] Iter: 10 overflow: 0.874009 HPWL: 29477000
[NesterovSolve] Iter: 20 overflow: 0.837595 HPWL: 30604267
[NesterovSolve] Iter: 30 overflow: 0.827553 HPWL: 30957528
[NesterovSolve] Iter: 40 overflow: 0.828176 HPWL: 30648618
[NesterovSolve] Iter: 50 overflow: 0.828531 HPWL: 30243438
[NesterovSolve] Iter: 60 overflow: 0.828638 HPWL: 29956473
[NesterovSolve] Iter: 70 overflow: 0.826468 HPWL: 29900536
[NesterovSolve] Iter: 80 overflow: 0.825045 HPWL: 29954498
[NesterovSolve] Iter: 90 overflow: 0.824062 HPWL: 29959999
[NesterovSolve] Iter: 100 overflow: 0.82373 HPWL: 29905372
[NesterovSolve] Iter: 110 overflow: 0.824027 HPWL: 29889088
[NesterovSolve] Iter: 120 overflow: 0.823498 HPWL: 29971075
[NesterovSolve] Iter: 130 overflow: 0.822293 HPWL: 30145827
[NesterovSolve] Iter: 140 overflow: 0.8203 HPWL: 30421540
[NesterovSolve] Iter: 150 overflow: 0.816575 HPWL: 30862001
[NesterovSolve] Iter: 160 overflow: 0.810948 HPWL: 31588915
[NesterovSolve] Iter: 170 overflow: 0.80377 HPWL: 32803576
[NesterovSolve] Iter: 180 overflow: 0.791725 HPWL: 34639022
[INFO GPL-0100] worst slack -1.18e-10
[INFO GPL-0103] Weighted 2113 nets.
[NesterovSolve] Iter: 190 overflow: 0.774139 HPWL: 36575116
[NesterovSolve] Iter: 200 overflow: 0.755473 HPWL: 39117780
[NesterovSolve] Iter: 210 overflow: 0.736286 HPWL: 41664493
[NesterovSolve] Iter: 220 overflow: 0.716112 HPWL: 44308195
[NesterovSolve] Iter: 230 overflow: 0.696078 HPWL: 46645373
[NesterovSolve] Iter: 240 overflow: 0.671956 HPWL: 48727827
[NesterovSolve] Iter: 250 overflow: 0.64411 HPWL: 50473823
[INFO GPL-0100] worst slack -1.43e-10
[INFO GPL-0103] Weighted 2111 nets.
[NesterovSolve] Iter: 260 overflow: 0.611365 HPWL: 52314432
[NesterovSolve] Snapshot saved at iter = 262
[NesterovSolve] Iter: 270 overflow: 0.574588 HPWL: 54493030
[NesterovSolve] Iter: 280 overflow: 0.533393 HPWL: 56932435
[NesterovSolve] Iter: 290 overflow: 0.485211 HPWL: 59170039
[INFO GPL-0100] worst slack -1.56e-10
[INFO GPL-0103] Weighted 2111 nets.
[NesterovSolve] Iter: 300 overflow: 0.424721 HPWL: 61406523
[NesterovSolve] Iter: 310 overflow: 0.364707 HPWL: 63868662
[NesterovSolve] Iter: 320 overflow: 0.317332 HPWL: 65374930
[INFO GPL-0100] worst slack -1.48e-10
[INFO GPL-0103] Weighted 2113 nets.
[NesterovSolve] Iter: 330 overflow: 0.279633 HPWL: 66342324
[NesterovSolve] Iter: 340 overflow: 0.24743 HPWL: 67332063
[NesterovSolve] Iter: 350 overflow: 0.21643 HPWL: 68059486
[INFO GPL-0100] worst slack -1.47e-10
[INFO GPL-0103] Weighted 2111 nets.
[INFO GPL-0075] Routability numCall: 1 inflationIterCnt: 1 bloatIterCnt: 0
[INFO GPL-0036] TileLxLy: 0 0
[INFO GPL-0037] TileSize: 540 540
[INFO GPL-0038] TileCnt: 145 145
[INFO GPL-0039] numRoutingLayers: 10
[INFO GPL-0040] NumTiles: 21025
[INFO GPL-0063] TotalRouteOverflowH2: 0
[INFO GPL-0064] TotalRouteOverflowV2: 0
[INFO GPL-0065] OverflowTileCnt2: 0
[INFO GPL-0066] 0.5%RC: 1
[INFO GPL-0067] 1.0%RC: 1
[INFO GPL-0068] 2.0%RC: 1
[INFO GPL-0069] 5.0%RC: 1
[INFO GPL-0070] 0.5rcK: 1
[INFO GPL-0071] 1.0rcK: 1
[INFO GPL-0072] 2.0rcK: 0
[INFO GPL-0073] 5.0rcK: 0
[INFO GPL-0074] FinalRC: 1
[NesterovSolve] Iter: 360 overflow: 0.189883 HPWL: 68610505
[NesterovSolve] Iter: 370 overflow: 0.166437 HPWL: 69017014
[NesterovSolve] Iter: 380 overflow: 0.143954 HPWL: 69308636
[INFO GPL-0100] worst slack -1.49e-10
[INFO GPL-0103] Weighted 2113 nets.
[NesterovSolve] Iter: 390 overflow: 0.125089 HPWL: 69560246
[NesterovSolve] Iter: 400 overflow: 0.107903 HPWL: 69787578
[NesterovSolve] Finished with Overflow: 0.098603

==========================================================================
global place check_setup
--------------------------------------------------------------------------

==========================================================================
global place report_tns
--------------------------------------------------------------------------
tns -452852.41

==========================================================================
global place report_wns
--------------------------------------------------------------------------
wns -2978.32

==========================================================================
global place report_worst_slack
--------------------------------------------------------------------------
worst slack -2978.32

==========================================================================
global place report_checks -path_delay min
--------------------------------------------------------------------------
Startpoint: _44285_ (falling edge-triggered flip-flop clocked by clk')
Endpoint: _44174_ (falling edge-triggered flip-flop clocked by clk')
Path Group: clk
Path Type: min

Fanout     Cap    Slew   Delay    Time   Description
-----------------------------------------------------------------------------
                  0.00    0.00    0.00   clock clk' (fall edge)
                          0.00    0.00   clock network delay (ideal)
                  0.00    0.00    0.00 v _44285_/CLK (DFFLQNx1_ASAP7_75t_R)
                 22.64   38.49   38.49 ^ _44285_/QN (DFFLQNx1_ASAP7_75t_R)
     2    2.27                           _00478_ (net)
                 22.64    0.06   38.55 ^ _33958_/B (OAI21x1_ASAP7_75t_R)
                  9.67    8.39   46.94 v _33958_/Y (OAI21x1_ASAP7_75t_R)
     1    1.04                           _04373_ (net)
                  9.67    0.00   46.94 v _33961_/A (NAND2x1_ASAP7_75t_R)
                  9.46   10.54   57.49 ^ _33961_/Y (NAND2x1_ASAP7_75t_R)
     1    0.78                           _00119_ (net)
                  9.46    0.02   57.51 ^ _44174_/D (DFFLQNx1_ASAP7_75t_R)
                                 57.51   data arrival time

                  0.00    0.00    0.00   clock clk' (fall edge)
                          0.00    0.00   clock network delay (ideal)
                          0.00    0.00   clock reconvergence pessimism
                                  0.00 v _44174_/CLK (DFFLQNx1_ASAP7_75t_R)
                          5.39    5.39   library hold time
                                  5.39   data required time
-----------------------------------------------------------------------------
                                  5.39   data required time
                                -57.51   data arrival time
-----------------------------------------------------------------------------
                                 52.12   slack (MET)



==========================================================================
global place report_checks -path_delay max
--------------------------------------------------------------------------
Startpoint: _44208_ (falling edge-triggered flip-flop clocked by clk')
Endpoint: _44130_ (falling edge-triggered flip-flop clocked by clk')
Path Group: clk
Path Type: max

Fanout     Cap    Slew   Delay    Time   Description
-----------------------------------------------------------------------------
                  0.00    0.00    0.00   clock clk' (fall edge)
                          0.00    0.00   clock network delay (ideal)
                  0.00    0.00    0.00 v _44208_/CLK (DFFLQNx1_ASAP7_75t_R)
               1598.66  670.17  670.17 ^ _44208_/QN (DFFLQNx1_ASAP7_75t_R)
   176  253.62                           _00528_ (net)
               1601.04   36.40  706.57 ^ _27266_/A (INVx1_ASAP7_75t_R)
               1334.32 2319.08 3025.65 v _27266_/Y (INVx1_ASAP7_75t_R)
   199  249.51                           _18753_ (net)
               1334.32  102.04 3127.69 v _38463_/A (AND2x2_ASAP7_75t_R)
                 39.23  181.12 3308.81 v _38463_/Y (AND2x2_ASAP7_75t_R)
     1    1.34                           _09157_ (net)
                 39.23    0.06 3308.87 v _38474_/A (NOR2x1_ASAP7_75t_R)
                 37.16   18.29 3327.17 ^ _38474_/Y (NOR2x1_ASAP7_75t_R)
     1    1.67                           _09169_ (net)
                 37.16    0.17 3327.33 ^ _38475_/B (XNOR2x2_ASAP7_75t_R)
                 17.31   39.09 3366.42 v _38475_/Y (XNOR2x2_ASAP7_75t_R)
     1    3.61                           _00075_ (net)
                 17.57    1.17 3367.60 v _44130_/D (DFFLQNx1_ASAP7_75t_R)
                               3367.60   data arrival time

                  0.00  400.00  400.00   clock clk' (fall edge)
                          0.00  400.00   clock network delay (ideal)
                          0.00  400.00   clock reconvergence pessimism
                                400.00 v _44130_/CLK (DFFLQNx1_ASAP7_75t_R)
                        -10.73  389.27   library setup time
                                389.27   data required time
-----------------------------------------------------------------------------
                                389.27   data required time
                               -3367.60   data arrival time
-----------------------------------------------------------------------------
                               -2978.32   slack (VIOLATED)



==========================================================================
global place report_checks -unconstrained
--------------------------------------------------------------------------
Startpoint: _44208_ (falling edge-triggered flip-flop clocked by clk')
Endpoint: _44130_ (falling edge-triggered flip-flop clocked by clk')
Path Group: clk
Path Type: max

Fanout     Cap    Slew   Delay    Time   Description
-----------------------------------------------------------------------------
                  0.00    0.00    0.00   clock clk' (fall edge)
                          0.00    0.00   clock network delay (ideal)
                  0.00    0.00    0.00 v _44208_/CLK (DFFLQNx1_ASAP7_75t_R)
               1598.66  670.17  670.17 ^ _44208_/QN (DFFLQNx1_ASAP7_75t_R)
   176  253.62                           _00528_ (net)
               1601.04   36.40  706.57 ^ _27266_/A (INVx1_ASAP7_75t_R)
               1334.32 2319.08 3025.65 v _27266_/Y (INVx1_ASAP7_75t_R)
   199  249.51                           _18753_ (net)
               1334.32  102.04 3127.69 v _38463_/A (AND2x2_ASAP7_75t_R)
                 39.23  181.12 3308.81 v _38463_/Y (AND2x2_ASAP7_75t_R)
     1    1.34                           _09157_ (net)
                 39.23    0.06 3308.87 v _38474_/A (NOR2x1_ASAP7_75t_R)
                 37.16   18.29 3327.17 ^ _38474_/Y (NOR2x1_ASAP7_75t_R)
     1    1.67                           _09169_ (net)
                 37.16    0.17 3327.33 ^ _38475_/B (XNOR2x2_ASAP7_75t_R)
                 17.31   39.09 3366.42 v _38475_/Y (XNOR2x2_ASAP7_75t_R)
     1    3.61                           _00075_ (net)
                 17.57    1.17 3367.60 v _44130_/D (DFFLQNx1_ASAP7_75t_R)
                               3367.60   data arrival time

                  0.00  400.00  400.00   clock clk' (fall edge)
                          0.00  400.00   clock network delay (ideal)
                          0.00  400.00   clock reconvergence pessimism
                                400.00 v _44130_/CLK (DFFLQNx1_ASAP7_75t_R)
                        -10.73  389.27   library setup time
                                389.27   data required time
-----------------------------------------------------------------------------
                                389.27   data required time
                               -3367.60   data arrival time
-----------------------------------------------------------------------------
                               -2978.32   slack (VIOLATED)



==========================================================================
global place report_design_area
--------------------------------------------------------------------------
Design area 2153 u^2 39% utilization.

Elapsed time: 0:25.37[h:]min:sec. CPU time: user 25.30 sys 0.06 (99%). Peak memory: 454724KB.
