OpenROAD v2.0-8453-g93fdf28ec 
This program is licensed under the BSD-3 license. See the LICENSE file for details.
Components of this program may be licensed under more restrictive licenses which must be honored.

==========================================================================
resizer pre check_setup
--------------------------------------------------------------------------

==========================================================================
resizer pre report_tns
--------------------------------------------------------------------------
tns -452852.41

==========================================================================
resizer pre report_wns
--------------------------------------------------------------------------
wns -2978.32

==========================================================================
resizer pre report_worst_slack
--------------------------------------------------------------------------
worst slack -2978.32

==========================================================================
resizer pre report_checks -path_delay min
--------------------------------------------------------------------------
Startpoint: _44285_ (falling edge-triggered flip-flop clocked by clk')
Endpoint: _44174_ (falling edge-triggered flip-flop clocked by clk')
Path Group: clk
Path Type: min

Fanout     Cap    Slew   Delay    Time   Description
-----------------------------------------------------------------------------
                  0.00    0.00    0.00   clock clk' (fall edge)
                          0.00    0.00   clock network delay (ideal)
                  0.00    0.00    0.00 v _44285_/CLK (DFFLQNx1_ASAP7_75t_R)
                 22.64   38.49   38.49 ^ _44285_/QN (DFFLQNx1_ASAP7_75t_R)
     2    2.27                           _00478_ (net)
                 22.64    0.06   38.55 ^ _33958_/B (OAI21x1_ASAP7_75t_R)
                  9.67    8.39   46.94 v _33958_/Y (OAI21x1_ASAP7_75t_R)
     1    1.04                           _04373_ (net)
                  9.67    0.00   46.94 v _33961_/A (NAND2x1_ASAP7_75t_R)
                  9.46   10.54   57.49 ^ _33961_/Y (NAND2x1_ASAP7_75t_R)
     1    0.78                           _00119_ (net)
                  9.46    0.02   57.51 ^ _44174_/D (DFFLQNx1_ASAP7_75t_R)
                                 57.51   data arrival time

                  0.00    0.00    0.00   clock clk' (fall edge)
                          0.00    0.00   clock network delay (ideal)
                          0.00    0.00   clock reconvergence pessimism
                                  0.00 v _44174_/CLK (DFFLQNx1_ASAP7_75t_R)
                          5.39    5.39   library hold time
                                  5.39   data required time
-----------------------------------------------------------------------------
                                  5.39   data required time
                                -57.51   data arrival time
-----------------------------------------------------------------------------
                                 52.12   slack (MET)



==========================================================================
resizer pre report_checks -path_delay max
--------------------------------------------------------------------------
Startpoint: _44208_ (falling edge-triggered flip-flop clocked by clk')
Endpoint: _44130_ (falling edge-triggered flip-flop clocked by clk')
Path Group: clk
Path Type: max

Fanout     Cap    Slew   Delay    Time   Description
-----------------------------------------------------------------------------
                  0.00    0.00    0.00   clock clk' (fall edge)
                          0.00    0.00   clock network delay (ideal)
                  0.00    0.00    0.00 v _44208_/CLK (DFFLQNx1_ASAP7_75t_R)
               1598.66  670.17  670.17 ^ _44208_/QN (DFFLQNx1_ASAP7_75t_R)
   176  253.62                           _00528_ (net)
               1601.04   36.40  706.57 ^ _27266_/A (INVx1_ASAP7_75t_R)
               1334.32 2319.08 3025.65 v _27266_/Y (INVx1_ASAP7_75t_R)
   199  249.51                           _18753_ (net)
               1334.32  102.04 3127.69 v _38463_/A (AND2x2_ASAP7_75t_R)
                 39.23  181.12 3308.81 v _38463_/Y (AND2x2_ASAP7_75t_R)
     1    1.34                           _09157_ (net)
                 39.23    0.06 3308.87 v _38474_/A (NOR2x1_ASAP7_75t_R)
                 37.16   18.29 3327.17 ^ _38474_/Y (NOR2x1_ASAP7_75t_R)
     1    1.67                           _09169_ (net)
                 37.16    0.17 3327.33 ^ _38475_/B (XNOR2x2_ASAP7_75t_R)
                 17.31   39.09 3366.42 v _38475_/Y (XNOR2x2_ASAP7_75t_R)
     1    3.61                           _00075_ (net)
                 17.57    1.17 3367.60 v _44130_/D (DFFLQNx1_ASAP7_75t_R)
                               3367.60   data arrival time

                  0.00  400.00  400.00   clock clk' (fall edge)
                          0.00  400.00   clock network delay (ideal)
                          0.00  400.00   clock reconvergence pessimism
                                400.00 v _44130_/CLK (DFFLQNx1_ASAP7_75t_R)
                        -10.73  389.27   library setup time
                                389.27   data required time
-----------------------------------------------------------------------------
                                389.27   data required time
                               -3367.60   data arrival time
-----------------------------------------------------------------------------
                               -2978.32   slack (VIOLATED)



==========================================================================
resizer pre report_checks -unconstrained
--------------------------------------------------------------------------
Startpoint: _44208_ (falling edge-triggered flip-flop clocked by clk')
Endpoint: _44130_ (falling edge-triggered flip-flop clocked by clk')
Path Group: clk
Path Type: max

Fanout     Cap    Slew   Delay    Time   Description
-----------------------------------------------------------------------------
                  0.00    0.00    0.00   clock clk' (fall edge)
                          0.00    0.00   clock network delay (ideal)
                  0.00    0.00    0.00 v _44208_/CLK (DFFLQNx1_ASAP7_75t_R)
               1598.66  670.17  670.17 ^ _44208_/QN (DFFLQNx1_ASAP7_75t_R)
   176  253.62                           _00528_ (net)
               1601.04   36.40  706.57 ^ _27266_/A (INVx1_ASAP7_75t_R)
               1334.32 2319.08 3025.65 v _27266_/Y (INVx1_ASAP7_75t_R)
   199  249.51                           _18753_ (net)
               1334.32  102.04 3127.69 v _38463_/A (AND2x2_ASAP7_75t_R)
                 39.23  181.12 3308.81 v _38463_/Y (AND2x2_ASAP7_75t_R)
     1    1.34                           _09157_ (net)
                 39.23    0.06 3308.87 v _38474_/A (NOR2x1_ASAP7_75t_R)
                 37.16   18.29 3327.17 ^ _38474_/Y (NOR2x1_ASAP7_75t_R)
     1    1.67                           _09169_ (net)
                 37.16    0.17 3327.33 ^ _38475_/B (XNOR2x2_ASAP7_75t_R)
                 17.31   39.09 3366.42 v _38475_/Y (XNOR2x2_ASAP7_75t_R)
     1    3.61                           _00075_ (net)
                 17.57    1.17 3367.60 v _44130_/D (DFFLQNx1_ASAP7_75t_R)
                               3367.60   data arrival time

                  0.00  400.00  400.00   clock clk' (fall edge)
                          0.00  400.00   clock network delay (ideal)
                          0.00  400.00   clock reconvergence pessimism
                                400.00 v _44130_/CLK (DFFLQNx1_ASAP7_75t_R)
                        -10.73  389.27   library setup time
                                389.27   data required time
-----------------------------------------------------------------------------
                                389.27   data required time
                               -3367.60   data arrival time
-----------------------------------------------------------------------------
                               -2978.32   slack (VIOLATED)



==========================================================================
resizer pre report_design_area
--------------------------------------------------------------------------
Design area 2153 u^2 39% utilization.


==========================================================================
instance_count
--------------------------------------------------------------------------
21702

==========================================================================
pin_count
--------------------------------------------------------------------------
70781

Perform port buffering...
[INFO RSZ-0027] Inserted 258 input buffers.
[INFO RSZ-0028] Inserted 129 output buffers.
Perform buffer insertion...
[INFO RSZ-0058] Using max wire length 162um.
[INFO RSZ-0034] Found 4 slew violations.
[INFO RSZ-0036] Found 1 capacitance violations.
[INFO RSZ-0038] Inserted 18 buffers in 4 nets.
[INFO RSZ-0039] Resized 5183 instances.
Repair tie lo fanout...
Repair tie hi fanout...

==========================================================================
report_floating_nets
--------------------------------------------------------------------------

==========================================================================
resizer check_setup
--------------------------------------------------------------------------

==========================================================================
resizer report_tns
--------------------------------------------------------------------------
tns -25381.52

==========================================================================
resizer report_wns
--------------------------------------------------------------------------
wns -149.85

==========================================================================
resizer report_worst_slack
--------------------------------------------------------------------------
worst slack -149.85

==========================================================================
resizer report_checks -path_delay min
--------------------------------------------------------------------------
Startpoint: _43831_ (falling edge-triggered flip-flop clocked by clk')
Endpoint: _43831_ (falling edge-triggered flip-flop clocked by clk')
Path Group: clk
Path Type: min

Fanout     Cap    Slew   Delay    Time   Description
-----------------------------------------------------------------------------
                  0.00    0.00    0.00   clock clk' (fall edge)
                          0.00    0.00   clock network delay (ideal)
                  0.00    0.00    0.00 v _43831_/CLK (DFFLQNx2_ASAP7_75t_R)
                 16.75   41.10   41.10 v _43831_/QN (DFFLQNx2_ASAP7_75t_R)
     2    1.73                           _00905_ (net)
                 16.75    0.01   41.11 v _43512_/B (NOR2x1_ASAP7_75t_R)
                 11.48    9.82   50.94 ^ _43512_/Y (NOR2x1_ASAP7_75t_R)
     1    0.70                           _14380_ (net)
                 11.48    0.01   50.95 ^ _43513_/B (AO21x1_ASAP7_75t_R)
                  6.29   11.37   62.31 ^ _43513_/Y (AO21x1_ASAP7_75t_R)
     1    0.64                           _00940_ (net)
                  6.29    0.00   62.32 ^ _43831_/D (DFFLQNx2_ASAP7_75t_R)
                                 62.32   data arrival time

                  0.00    0.00    0.00   clock clk' (fall edge)
                          0.00    0.00   clock network delay (ideal)
                          0.00    0.00   clock reconvergence pessimism
                                  0.00 v _43831_/CLK (DFFLQNx2_ASAP7_75t_R)
                          8.02    8.02   library hold time
                                  8.02   data required time
-----------------------------------------------------------------------------
                                  8.02   data required time
                                -62.32   data arrival time
-----------------------------------------------------------------------------
                                 54.30   slack (MET)



==========================================================================
resizer report_checks -path_delay max
--------------------------------------------------------------------------
Startpoint: _44081_ (falling edge-triggered flip-flop clocked by clk')
Endpoint: _44105_ (falling edge-triggered flip-flop clocked by clk')
Path Group: clk
Path Type: max

Fanout     Cap    Slew   Delay    Time   Description
-----------------------------------------------------------------------------
                  0.00    0.00    0.00   clock clk' (fall edge)
                          0.00    0.00   clock network delay (ideal)
                  0.00    0.00    0.00 v _44081_/CLK (DFFLQNx2_ASAP7_75t_R)
                143.15  100.11  100.11 v _44081_/QN (DFFLQNx2_ASAP7_75t_R)
    19   48.12                           _00655_ (net)
                148.31   14.82  114.93 v _39147_/A (CKINVDCx20_ASAP7_75t_R)
                 39.22   29.29  144.22 ^ _39147_/Y (CKINVDCx20_ASAP7_75t_R)
    17   30.50                           _09888_ (net)
                 39.26    0.77  144.99 ^ _39148_/B (NOR2x2_ASAP7_75t_R)
                 90.32   39.07  184.05 v _39148_/Y (NOR2x2_ASAP7_75t_R)
    10   18.29                           _09889_ (net)
                 90.64    3.11  187.16 v _39149_/B (NAND2x2_ASAP7_75t_R)
                 85.45   63.28  250.44 ^ _39149_/Y (NAND2x2_ASAP7_75t_R)
    18   18.55                           _09890_ (net)
                 85.45    0.26  250.69 ^ _39316_/B (NOR2x1_ASAP7_75t_R)
                 32.75   27.23  277.92 v _39316_/Y (NOR2x1_ASAP7_75t_R)
     2    2.24                           _10074_ (net)
                 32.75    0.01  277.93 v _39317_/A (INVx1_ASAP7_75t_R)
                 20.87   16.62  294.55 ^ _39317_/Y (INVx1_ASAP7_75t_R)
     2    2.13                           _10075_ (net)
                 20.87    0.02  294.57 ^ _39318_/B (OAI21x1_ASAP7_75t_R)
                 14.73   10.85  305.42 v _39318_/Y (OAI21x1_ASAP7_75t_R)
     1    1.09                           _10076_ (net)
                 14.73    0.00  305.42 v _39325_/A (NOR2x1_ASAP7_75t_R)
                 16.73   13.24  318.66 ^ _39325_/Y (NOR2x1_ASAP7_75t_R)
     1    1.58                           _10084_ (net)
                 16.74    0.13  318.79 ^ _39336_/A (NAND2x1_ASAP7_75t_R)
                 10.20    9.68  328.46 v _39336_/Y (NAND2x1_ASAP7_75t_R)
     1    1.11                           _10096_ (net)
                 10.20    0.01  328.47 v _39357_/A (NOR2x1_ASAP7_75t_R)
                 20.73   14.38  342.85 ^ _39357_/Y (NOR2x1_ASAP7_75t_R)
     1    2.31                           _10119_ (net)
                 20.73    0.05  342.90 ^ _39358_/B (NAND2x2_ASAP7_75t_R)
                 16.30   12.61  355.51 v _39358_/Y (NAND2x2_ASAP7_75t_R)
     1    3.74                           _10120_ (net)
                 16.45    0.85  356.36 v _39359_/B (NOR2x2_ASAP7_75t_R)
                 70.39   34.62  390.98 ^ _39359_/Y (NOR2x2_ASAP7_75t_R)
     9   18.11                           _10121_ (net)
                 70.78    3.02  394.00 ^ _39511_/A (NOR2x2_ASAP7_75t_R)
                 27.88   26.24  420.25 v _39511_/Y (NOR2x2_ASAP7_75t_R)
     3    3.76                           _10287_ (net)
                 27.88    0.06  420.31 v _39512_/A (INVx2_ASAP7_75t_R)
                 22.23   17.02  437.33 ^ _39512_/Y (INVx2_ASAP7_75t_R)
     4    5.28                           _10288_ (net)
                 22.23    0.08  437.41 ^ _39526_/A (NAND2x1_ASAP7_75t_R)
                 21.62   13.44  450.85 v _39526_/Y (NAND2x1_ASAP7_75t_R)
     2    2.17                           _10304_ (net)
                 21.62    0.02  450.86 v _40554_/A (XOR2x2_ASAP7_75t_R)
                 16.47   31.46  482.32 v _40554_/Y (XOR2x2_ASAP7_75t_R)
     3    3.74                           _11432_ (net)
                 16.47    0.20  482.52 v _40562_/A (NAND2x1_ASAP7_75t_R)
                 14.81   13.99  496.52 ^ _40562_/Y (NAND2x1_ASAP7_75t_R)
     1    1.11                           _11441_ (net)
                 14.81    0.00  496.52 ^ _40563_/A2 (AOI21x1_ASAP7_75t_R)
                 23.59    8.70  505.22 v _40563_/Y (AOI21x1_ASAP7_75t_R)
     1    1.21                           _11442_ (net)
                 23.59    0.03  505.24 v _40564_/A2 (OAI21x1_ASAP7_75t_R)
                 20.67   15.67  520.91 ^ _40564_/Y (OAI21x1_ASAP7_75t_R)
     1    2.25                           _11443_ (net)
                 20.67    0.03  520.94 ^ _40565_/B (NAND2x2_ASAP7_75t_R)
                 20.51   14.54  535.48 v _40565_/Y (NAND2x2_ASAP7_75t_R)
     1    5.40                           _00098_ (net)
                 21.74    2.63  538.10 v _44105_/D (DFFLQNx2_ASAP7_75t_R)
                                538.10   data arrival time

                  0.00  400.00  400.00   clock clk' (fall edge)
                          0.00  400.00   clock network delay (ideal)
                          0.00  400.00   clock reconvergence pessimism
                                400.00 v _44105_/CLK (DFFLQNx2_ASAP7_75t_R)
                        -11.75  388.25   library setup time
                                388.25   data required time
-----------------------------------------------------------------------------
                                388.25   data required time
                               -538.10   data arrival time
-----------------------------------------------------------------------------
                               -149.85   slack (VIOLATED)



==========================================================================
resizer report_checks -unconstrained
--------------------------------------------------------------------------
Startpoint: _44081_ (falling edge-triggered flip-flop clocked by clk')
Endpoint: _44105_ (falling edge-triggered flip-flop clocked by clk')
Path Group: clk
Path Type: max

Fanout     Cap    Slew   Delay    Time   Description
-----------------------------------------------------------------------------
                  0.00    0.00    0.00   clock clk' (fall edge)
                          0.00    0.00   clock network delay (ideal)
                  0.00    0.00    0.00 v _44081_/CLK (DFFLQNx2_ASAP7_75t_R)
                143.15  100.11  100.11 v _44081_/QN (DFFLQNx2_ASAP7_75t_R)
    19   48.12                           _00655_ (net)
                148.31   14.82  114.93 v _39147_/A (CKINVDCx20_ASAP7_75t_R)
                 39.22   29.29  144.22 ^ _39147_/Y (CKINVDCx20_ASAP7_75t_R)
    17   30.50                           _09888_ (net)
                 39.26    0.77  144.99 ^ _39148_/B (NOR2x2_ASAP7_75t_R)
                 90.32   39.07  184.05 v _39148_/Y (NOR2x2_ASAP7_75t_R)
    10   18.29                           _09889_ (net)
                 90.64    3.11  187.16 v _39149_/B (NAND2x2_ASAP7_75t_R)
                 85.45   63.28  250.44 ^ _39149_/Y (NAND2x2_ASAP7_75t_R)
    18   18.55                           _09890_ (net)
                 85.45    0.26  250.69 ^ _39316_/B (NOR2x1_ASAP7_75t_R)
                 32.75   27.23  277.92 v _39316_/Y (NOR2x1_ASAP7_75t_R)
     2    2.24                           _10074_ (net)
                 32.75    0.01  277.93 v _39317_/A (INVx1_ASAP7_75t_R)
                 20.87   16.62  294.55 ^ _39317_/Y (INVx1_ASAP7_75t_R)
     2    2.13                           _10075_ (net)
                 20.87    0.02  294.57 ^ _39318_/B (OAI21x1_ASAP7_75t_R)
                 14.73   10.85  305.42 v _39318_/Y (OAI21x1_ASAP7_75t_R)
     1    1.09                           _10076_ (net)
                 14.73    0.00  305.42 v _39325_/A (NOR2x1_ASAP7_75t_R)
                 16.73   13.24  318.66 ^ _39325_/Y (NOR2x1_ASAP7_75t_R)
     1    1.58                           _10084_ (net)
                 16.74    0.13  318.79 ^ _39336_/A (NAND2x1_ASAP7_75t_R)
                 10.20    9.68  328.46 v _39336_/Y (NAND2x1_ASAP7_75t_R)
     1    1.11                           _10096_ (net)
                 10.20    0.01  328.47 v _39357_/A (NOR2x1_ASAP7_75t_R)
                 20.73   14.38  342.85 ^ _39357_/Y (NOR2x1_ASAP7_75t_R)
     1    2.31                           _10119_ (net)
                 20.73    0.05  342.90 ^ _39358_/B (NAND2x2_ASAP7_75t_R)
                 16.30   12.61  355.51 v _39358_/Y (NAND2x2_ASAP7_75t_R)
     1    3.74                           _10120_ (net)
                 16.45    0.85  356.36 v _39359_/B (NOR2x2_ASAP7_75t_R)
                 70.39   34.62  390.98 ^ _39359_/Y (NOR2x2_ASAP7_75t_R)
     9   18.11                           _10121_ (net)
                 70.78    3.02  394.00 ^ _39511_/A (NOR2x2_ASAP7_75t_R)
                 27.88   26.24  420.25 v _39511_/Y (NOR2x2_ASAP7_75t_R)
     3    3.76                           _10287_ (net)
                 27.88    0.06  420.31 v _39512_/A (INVx2_ASAP7_75t_R)
                 22.23   17.02  437.33 ^ _39512_/Y (INVx2_ASAP7_75t_R)
     4    5.28                           _10288_ (net)
                 22.23    0.08  437.41 ^ _39526_/A (NAND2x1_ASAP7_75t_R)
                 21.62   13.44  450.85 v _39526_/Y (NAND2x1_ASAP7_75t_R)
     2    2.17                           _10304_ (net)
                 21.62    0.02  450.86 v _40554_/A (XOR2x2_ASAP7_75t_R)
                 16.47   31.46  482.32 v _40554_/Y (XOR2x2_ASAP7_75t_R)
     3    3.74                           _11432_ (net)
                 16.47    0.20  482.52 v _40562_/A (NAND2x1_ASAP7_75t_R)
                 14.81   13.99  496.52 ^ _40562_/Y (NAND2x1_ASAP7_75t_R)
     1    1.11                           _11441_ (net)
                 14.81    0.00  496.52 ^ _40563_/A2 (AOI21x1_ASAP7_75t_R)
                 23.59    8.70  505.22 v _40563_/Y (AOI21x1_ASAP7_75t_R)
     1    1.21                           _11442_ (net)
                 23.59    0.03  505.24 v _40564_/A2 (OAI21x1_ASAP7_75t_R)
                 20.67   15.67  520.91 ^ _40564_/Y (OAI21x1_ASAP7_75t_R)
     1    2.25                           _11443_ (net)
                 20.67    0.03  520.94 ^ _40565_/B (NAND2x2_ASAP7_75t_R)
                 20.51   14.54  535.48 v _40565_/Y (NAND2x2_ASAP7_75t_R)
     1    5.40                           _00098_ (net)
                 21.74    2.63  538.10 v _44105_/D (DFFLQNx2_ASAP7_75t_R)
                                538.10   data arrival time

                  0.00  400.00  400.00   clock clk' (fall edge)
                          0.00  400.00   clock network delay (ideal)
                          0.00  400.00   clock reconvergence pessimism
                                400.00 v _44105_/CLK (DFFLQNx2_ASAP7_75t_R)
                        -11.75  388.25   library setup time
                                388.25   data required time
-----------------------------------------------------------------------------
                                388.25   data required time
                               -538.10   data arrival time
-----------------------------------------------------------------------------
                               -149.85   slack (VIOLATED)



==========================================================================
resizer report_check_types -max_slew -max_cap -max_fanout -violators
--------------------------------------------------------------------------

==========================================================================
resizer max_slew_check_slack
--------------------------------------------------------------------------
128.667724609375

==========================================================================
resizer max_slew_check_limit
--------------------------------------------------------------------------
320.0

==========================================================================
resizer max_slew_check_slack_limit
--------------------------------------------------------------------------
0.4021

==========================================================================
resizer max_fanout_check_slack
--------------------------------------------------------------------------
1.0000000150474662e+30

==========================================================================
resizer max_fanout_check_limit
--------------------------------------------------------------------------
1.0000000150474662e+30

==========================================================================
resizer max_capacitance_check_slack
--------------------------------------------------------------------------
16.181415557861328

==========================================================================
resizer max_capacitance_check_limit
--------------------------------------------------------------------------
23.040000915527344

==========================================================================
resizer max_capacitance_check_slack_limit
--------------------------------------------------------------------------
0.7023

==========================================================================
resizer max_slew_violation_count
--------------------------------------------------------------------------
max slew violation count 0

==========================================================================
resizer max_fanout_violation_count
--------------------------------------------------------------------------
max fanout violation count 0

==========================================================================
resizer max_cap_violation_count
--------------------------------------------------------------------------
max cap violation count 0

==========================================================================
resizer setup_violation_count
--------------------------------------------------------------------------
setup violation count 1

==========================================================================
resizer hold_violation_count
--------------------------------------------------------------------------
hold violation count 0

==========================================================================
resizer critical path delay
--------------------------------------------------------------------------
538.1044

==========================================================================
resizer critical path slack
--------------------------------------------------------------------------
-149.8517

==========================================================================
resizer slack div critical path delay
--------------------------------------------------------------------------
-27.848072

==========================================================================
resizer report_design_area
--------------------------------------------------------------------------
Design area 2497 u^2 45% utilization.


==========================================================================
instance_count
--------------------------------------------------------------------------
22107

==========================================================================
pin_count
--------------------------------------------------------------------------
71591

Elapsed time: 0:05.65[h:]min:sec. CPU time: user 5.56 sys 0.07 (99%). Peak memory: 276720KB.
