OpenROAD v2.0-8453-g93fdf28ec 
This program is licensed under the BSD-3 license. See the LICENSE file for details.
Components of this program may be licensed under more restrictive licenses which must be honored.
Placement Analysis
---------------------------------
total displacement       5360.2 u
average displacement        0.2 u
max displacement            3.5 u
original HPWL           70879.7 u
legalized HPWL          75406.6 u
delta HPWL                    6 %

Detailed placement improvement.
Importing netlist into detailed improver.
[INFO DPO-0100] Creating network with 22107 cells, 388 terminals, 21542 edges and 71979 pins.
[INFO DPO-0109] Network stats: inst 22495, edges 21542, pins 71979
[INFO DPO-0110] Number of regions is 1
[INFO DPO-0401] Setting random seed to 1.
[INFO DPO-0402] Setting maximum displacement 5 1 to 1350 270 units.
[INFO DPO-0320] Collected 1218 fixed cells (excluded terminal_NI).
[INFO DPO-0318] Collected 21277 single height cells.
[INFO DPO-0321] Collected 0 wide cells.
[INFO DPO-0322] Image (2052, 2160) - (76788, 76680)
[INFO DPO-0310] Assigned 21277 cells into segments.  Movement in X-direction is 0.000000, movement in Y-direction is 0.000000.
[INFO DPO-0313] Found 0 cells in wrong regions.
[INFO DPO-0315] Found 0 row alignment problems.
[INFO DPO-0314] Found 0 site alignment problems.
[INFO DPO-0311] Found 0 overlaps between adjacent cells.
[INFO DPO-0312] Found 0 edge spacing violations and 0 padding violations.
[INFO DPO-0303] Running algorithm for independent set matching.
[INFO DPO-0300] Set matching objective is wirelength.
[INFO DPO-0301] Pass   1 of matching; objective is 7.543618e+07.
[INFO DPO-0302] End of matching; objective is 7.535434e+07, improvement is 0.11 percent.
[INFO DPO-0303] Running algorithm for global swaps.
[INFO DPO-0306] Pass   1 of global swaps; hpwl is 7.449164e+07.
[INFO DPO-0306] Pass   2 of global swaps; hpwl is 7.432862e+07.
[INFO DPO-0307] End of global swaps; objective is 7.432862e+07, improvement is 1.36 percent.
[INFO DPO-0303] Running algorithm for vertical swaps.
[INFO DPO-0308] Pass   1 of vertical swaps; hpwl is 7.410497e+07.
[INFO DPO-0309] End of vertical swaps; objective is 7.410497e+07, improvement is 0.30 percent.
[INFO DPO-0303] Running algorithm for reordering.
[INFO DPO-0304] Pass   1 of reordering; objective is 7.388921e+07.
[INFO DPO-0305] End of reordering; objective is 7.388921e+07, improvement is 0.29 percent.
[INFO DPO-0303] Running algorithm for random improvement.
[INFO DPO-0324] Random improver is using displacement generator.
[INFO DPO-0325] Random improver is using hpwl objective.
[INFO DPO-0326] Random improver cost string is (a).
[INFO DPO-0332] End of pass, Generator displacement called 425540 times.
[INFO DPO-0335] Generator displacement, Cumulative attempts 425540, swaps 70802, moves 103585 since last reset.
[INFO DPO-0333] End of pass, Objective hpwl, Initial cost 7.370726e+07, Scratch cost 7.296085e+07, Incremental cost 7.296085e+07, Mismatch? N
[INFO DPO-0338] End of pass, Total cost is 7.296085e+07.
[INFO DPO-0327] Pass   1 of random improver; improvement in cost is 1.01 percent.
[INFO DPO-0332] End of pass, Generator displacement called 425540 times.
[INFO DPO-0335] Generator displacement, Cumulative attempts 851080, swaps 137704, moves 206963 since last reset.
[INFO DPO-0333] End of pass, Objective hpwl, Initial cost 7.296085e+07, Scratch cost 7.266698e+07, Incremental cost 7.266698e+07, Mismatch? N
[INFO DPO-0338] End of pass, Total cost is 7.266698e+07.
[INFO DPO-0327] Pass   2 of random improver; improvement in cost is 0.40 percent.
[INFO DPO-0328] End of random improver; improvement is 1.411365 percent.
[INFO DPO-0380] Cell flipping.
[INFO DPO-0382] Changed 10569 cell orientations for row compatibility.
[INFO DPO-0383] Performed 5503 cell flips.
[INFO DPO-0384] End of flipping; objective is 7.209406e+07, improvement is 1.04 percent.
[INFO DPO-0313] Found 0 cells in wrong regions.
[INFO DPO-0315] Found 0 row alignment problems.
[INFO DPO-0314] Found 0 site alignment problems.
[INFO DPO-0311] Found 0 overlaps between adjacent cells.
[INFO DPO-0312] Found 0 edge spacing violations and 0 padding violations.
Detailed Improvement Results
------------------------------------------
Original HPWL            75406.6 u
Final HPWL               71941.4 u
Delta HPWL                  -4.6 %

[INFO DPL-0020] Mirrored 4087 instances
[INFO DPL-0021] HPWL before           71941.4 u
[INFO DPL-0022] HPWL after            71854.1 u
[INFO DPL-0023] HPWL delta               -0.1 %
[INFO FLW-0012] Placement violations .

==========================================================================
detailed place check_setup
--------------------------------------------------------------------------

==========================================================================
detailed place report_tns
--------------------------------------------------------------------------
tns -25316.93

==========================================================================
detailed place report_wns
--------------------------------------------------------------------------
wns -150.58

==========================================================================
detailed place report_worst_slack
--------------------------------------------------------------------------
worst slack -150.58

==========================================================================
detailed place report_checks -path_delay min
--------------------------------------------------------------------------
Startpoint: _43839_ (falling edge-triggered flip-flop clocked by clk')
Endpoint: _43839_ (falling edge-triggered flip-flop clocked by clk')
Path Group: clk
Path Type: min

Fanout     Cap    Slew   Delay    Time   Description
-----------------------------------------------------------------------------
                  0.00    0.00    0.00   clock clk' (fall edge)
                          0.00    0.00   clock network delay (ideal)
                  0.00    0.00    0.00 v _43839_/CLK (DFFLQNx2_ASAP7_75t_R)
                 16.91   41.22   41.22 v _43839_/QN (DFFLQNx2_ASAP7_75t_R)
     2    1.77                           _00897_ (net)
                 16.91    0.02   41.24 v _43529_/B (NOR2x1_ASAP7_75t_R)
                 11.34    9.73   50.97 ^ _43529_/Y (NOR2x1_ASAP7_75t_R)
     1    0.67                           _14391_ (net)
                 11.34    0.00   50.97 ^ _43530_/B (AO21x1_ASAP7_75t_R)
                  6.50   11.45   62.42 ^ _43530_/Y (AO21x1_ASAP7_75t_R)
     1    0.68                           _00948_ (net)
                  6.50    0.01   62.42 ^ _43839_/D (DFFLQNx2_ASAP7_75t_R)
                                 62.42   data arrival time

                  0.00    0.00    0.00   clock clk' (fall edge)
                          0.00    0.00   clock network delay (ideal)
                          0.00    0.00   clock reconvergence pessimism
                                  0.00 v _43839_/CLK (DFFLQNx2_ASAP7_75t_R)
                          8.01    8.01   library hold time
                                  8.01   data required time
-----------------------------------------------------------------------------
                                  8.01   data required time
                                -62.42   data arrival time
-----------------------------------------------------------------------------
                                 54.42   slack (MET)



==========================================================================
detailed place report_checks -path_delay max
--------------------------------------------------------------------------
Startpoint: _44089_ (falling edge-triggered flip-flop clocked by clk')
Endpoint: _44182_ (falling edge-triggered flip-flop clocked by clk')
Path Group: clk
Path Type: max

Fanout     Cap    Slew   Delay    Time   Description
-----------------------------------------------------------------------------
                  0.00    0.00    0.00   clock clk' (fall edge)
                          0.00    0.00   clock network delay (ideal)
                  0.00    0.00    0.00 v _44089_/CLK (DFFLQNx2_ASAP7_75t_R)
                142.42   99.18   99.18 ^ _44089_/QN (DFFLQNx2_ASAP7_75t_R)
    18   42.23                           _00647_ (net)
                143.04    5.35  104.53 ^ _26466_/A (NOR2x2_ASAP7_75t_R)
                 69.29   58.70  163.23 v _26466_/Y (NOR2x2_ASAP7_75t_R)
     7   12.81                           _17954_ (net)
                 69.32    0.79  164.02 v _26468_/A (NAND2x2_ASAP7_75t_R)
                107.72   69.53  233.55 ^ _26468_/Y (NAND2x2_ASAP7_75t_R)
    27   26.34                           _17956_ (net)
                108.65    5.56  239.11 ^ _26471_/A1 (AOI21x1_ASAP7_75t_R)
                 37.78   28.50  267.61 v _26471_/Y (AOI21x1_ASAP7_75t_R)
     3    3.35                           _17959_ (net)
                 37.78    0.04  267.65 v _26477_/B (AOI211x1_ASAP7_75t_R)
                 26.95   19.95  287.60 ^ _26477_/Y (AOI211x1_ASAP7_75t_R)
     2    1.78                           _17965_ (net)
                 26.95    0.02  287.62 ^ _26485_/B (AND4x2_ASAP7_75t_R)
                 20.74   38.06  325.68 ^ _26485_/Y (AND4x2_ASAP7_75t_R)
     1    3.04                           _17973_ (net)
                 20.74    0.12  325.80 ^ _26486_/A (NAND3x2_ASAP7_75t_R)
                 74.33   29.52  355.32 v _26486_/Y (NAND3x2_ASAP7_75t_R)
     8   21.07                           _17974_ (net)
                 78.33    9.28  364.60 v _29159_/A (INVx4_ASAP7_75t_R)
                 32.45   24.98  389.58 ^ _29159_/Y (INVx4_ASAP7_75t_R)
     5    9.29                           _20642_ (net)
                 32.45    0.05  389.62 ^ _29485_/A (NOR2x2_ASAP7_75t_R)
                 33.15   25.99  415.61 v _29485_/Y (NOR2x2_ASAP7_75t_R)
     6    8.60                           _20967_ (net)
                 33.20    0.70  416.32 v _30258_/A (XOR2x2_ASAP7_75t_R)
                 35.34   44.85  461.16 v _30258_/Y (XOR2x2_ASAP7_75t_R)
     5   10.35                           _21723_ (net)
                 35.35    0.23  461.39 v _30260_/A (INVx2_ASAP7_75t_R)
                 22.66   17.51  478.90 ^ _30260_/Y (INVx2_ASAP7_75t_R)
     4    4.58                           _21725_ (net)
                 22.66    0.05  478.94 ^ _30385_/B (NAND2x1_ASAP7_75t_R)
                 18.38   14.59  493.53 v _30385_/Y (NAND2x1_ASAP7_75t_R)
     2    2.39                           _21843_ (net)
                 18.38    0.06  493.60 v _30394_/A2 (AOI21x1_ASAP7_75t_R)
                 20.49   11.48  505.08 ^ _30394_/Y (AOI21x1_ASAP7_75t_R)
     1    1.12                           _21852_ (net)
                 20.49    0.01  505.09 ^ _30395_/A2 (OAI21x1_ASAP7_75t_R)
                 22.98   10.99  516.08 v _30395_/Y (OAI21x1_ASAP7_75t_R)
     1    1.81                           _21853_ (net)
                 22.99    0.20  516.28 v _30396_/A2 (AOI21x1_ASAP7_75t_R)
                 26.22   12.78  529.06 ^ _30396_/Y (AOI21x1_ASAP7_75t_R)
     1    1.30                           _21854_ (net)
                 26.22    0.05  529.11 ^ _30397_/B (NOR2x1_ASAP7_75t_R)
                 11.11   11.20  540.31 v _30397_/Y (NOR2x1_ASAP7_75t_R)
     1    0.76                           _00031_ (net)
                 11.11    0.02  540.33 v _44182_/D (DFFLQNx2_ASAP7_75t_R)
                                540.33   data arrival time

                  0.00  400.00  400.00   clock clk' (fall edge)
                          0.00  400.00   clock network delay (ideal)
                          0.00  400.00   clock reconvergence pessimism
                                400.00 v _44182_/CLK (DFFLQNx2_ASAP7_75t_R)
                        -10.25  389.75   library setup time
                                389.75   data required time
-----------------------------------------------------------------------------
                                389.75   data required time
                               -540.33   data arrival time
-----------------------------------------------------------------------------
                               -150.58   slack (VIOLATED)



==========================================================================
detailed place report_checks -unconstrained
--------------------------------------------------------------------------
Startpoint: _44089_ (falling edge-triggered flip-flop clocked by clk')
Endpoint: _44182_ (falling edge-triggered flip-flop clocked by clk')
Path Group: clk
Path Type: max

Fanout     Cap    Slew   Delay    Time   Description
-----------------------------------------------------------------------------
                  0.00    0.00    0.00   clock clk' (fall edge)
                          0.00    0.00   clock network delay (ideal)
                  0.00    0.00    0.00 v _44089_/CLK (DFFLQNx2_ASAP7_75t_R)
                142.42   99.18   99.18 ^ _44089_/QN (DFFLQNx2_ASAP7_75t_R)
    18   42.23                           _00647_ (net)
                143.04    5.35  104.53 ^ _26466_/A (NOR2x2_ASAP7_75t_R)
                 69.29   58.70  163.23 v _26466_/Y (NOR2x2_ASAP7_75t_R)
     7   12.81                           _17954_ (net)
                 69.32    0.79  164.02 v _26468_/A (NAND2x2_ASAP7_75t_R)
                107.72   69.53  233.55 ^ _26468_/Y (NAND2x2_ASAP7_75t_R)
    27   26.34                           _17956_ (net)
                108.65    5.56  239.11 ^ _26471_/A1 (AOI21x1_ASAP7_75t_R)
                 37.78   28.50  267.61 v _26471_/Y (AOI21x1_ASAP7_75t_R)
     3    3.35                           _17959_ (net)
                 37.78    0.04  267.65 v _26477_/B (AOI211x1_ASAP7_75t_R)
                 26.95   19.95  287.60 ^ _26477_/Y (AOI211x1_ASAP7_75t_R)
     2    1.78                           _17965_ (net)
                 26.95    0.02  287.62 ^ _26485_/B (AND4x2_ASAP7_75t_R)
                 20.74   38.06  325.68 ^ _26485_/Y (AND4x2_ASAP7_75t_R)
     1    3.04                           _17973_ (net)
                 20.74    0.12  325.80 ^ _26486_/A (NAND3x2_ASAP7_75t_R)
                 74.33   29.52  355.32 v _26486_/Y (NAND3x2_ASAP7_75t_R)
     8   21.07                           _17974_ (net)
                 78.33    9.28  364.60 v _29159_/A (INVx4_ASAP7_75t_R)
                 32.45   24.98  389.58 ^ _29159_/Y (INVx4_ASAP7_75t_R)
     5    9.29                           _20642_ (net)
                 32.45    0.05  389.62 ^ _29485_/A (NOR2x2_ASAP7_75t_R)
                 33.15   25.99  415.61 v _29485_/Y (NOR2x2_ASAP7_75t_R)
     6    8.60                           _20967_ (net)
                 33.20    0.70  416.32 v _30258_/A (XOR2x2_ASAP7_75t_R)
                 35.34   44.85  461.16 v _30258_/Y (XOR2x2_ASAP7_75t_R)
     5   10.35                           _21723_ (net)
                 35.35    0.23  461.39 v _30260_/A (INVx2_ASAP7_75t_R)
                 22.66   17.51  478.90 ^ _30260_/Y (INVx2_ASAP7_75t_R)
     4    4.58                           _21725_ (net)
                 22.66    0.05  478.94 ^ _30385_/B (NAND2x1_ASAP7_75t_R)
                 18.38   14.59  493.53 v _30385_/Y (NAND2x1_ASAP7_75t_R)
     2    2.39                           _21843_ (net)
                 18.38    0.06  493.60 v _30394_/A2 (AOI21x1_ASAP7_75t_R)
                 20.49   11.48  505.08 ^ _30394_/Y (AOI21x1_ASAP7_75t_R)
     1    1.12                           _21852_ (net)
                 20.49    0.01  505.09 ^ _30395_/A2 (OAI21x1_ASAP7_75t_R)
                 22.98   10.99  516.08 v _30395_/Y (OAI21x1_ASAP7_75t_R)
     1    1.81                           _21853_ (net)
                 22.99    0.20  516.28 v _30396_/A2 (AOI21x1_ASAP7_75t_R)
                 26.22   12.78  529.06 ^ _30396_/Y (AOI21x1_ASAP7_75t_R)
     1    1.30                           _21854_ (net)
                 26.22    0.05  529.11 ^ _30397_/B (NOR2x1_ASAP7_75t_R)
                 11.11   11.20  540.31 v _30397_/Y (NOR2x1_ASAP7_75t_R)
     1    0.76                           _00031_ (net)
                 11.11    0.02  540.33 v _44182_/D (DFFLQNx2_ASAP7_75t_R)
                                540.33   data arrival time

                  0.00  400.00  400.00   clock clk' (fall edge)
                          0.00  400.00   clock network delay (ideal)
                          0.00  400.00   clock reconvergence pessimism
                                400.00 v _44182_/CLK (DFFLQNx2_ASAP7_75t_R)
                        -10.25  389.75   library setup time
                                389.75   data required time
-----------------------------------------------------------------------------
                                389.75   data required time
                               -540.33   data arrival time
-----------------------------------------------------------------------------
                               -150.58   slack (VIOLATED)



==========================================================================
detailed place report_check_types -max_slew -max_cap -max_fanout -violators
--------------------------------------------------------------------------

==========================================================================
detailed place max_slew_check_slack
--------------------------------------------------------------------------
126.87641143798828

==========================================================================
detailed place max_slew_check_limit
--------------------------------------------------------------------------
320.0

==========================================================================
detailed place max_slew_check_slack_limit
--------------------------------------------------------------------------
0.3965

==========================================================================
detailed place max_fanout_check_slack
--------------------------------------------------------------------------
1.0000000150474662e+30

==========================================================================
detailed place max_fanout_check_limit
--------------------------------------------------------------------------
1.0000000150474662e+30

==========================================================================
detailed place max_capacitance_check_slack
--------------------------------------------------------------------------
16.143049240112305

==========================================================================
detailed place max_capacitance_check_limit
--------------------------------------------------------------------------
23.040000915527344

==========================================================================
detailed place max_capacitance_check_slack_limit
--------------------------------------------------------------------------
0.7007

==========================================================================
detailed place max_slew_violation_count
--------------------------------------------------------------------------
max slew violation count 0

==========================================================================
detailed place max_fanout_violation_count
--------------------------------------------------------------------------
max fanout violation count 0

==========================================================================
detailed place max_cap_violation_count
--------------------------------------------------------------------------
max cap violation count 0

==========================================================================
detailed place setup_violation_count
--------------------------------------------------------------------------
setup violation count 1

==========================================================================
detailed place hold_violation_count
--------------------------------------------------------------------------
hold violation count 0

==========================================================================
detailed place critical path delay
--------------------------------------------------------------------------
540.3318

==========================================================================
detailed place critical path slack
--------------------------------------------------------------------------
-150.5802

==========================================================================
detailed place slack div critical path delay
--------------------------------------------------------------------------
-27.868099

==========================================================================
detailed place report_design_area
--------------------------------------------------------------------------
Design area 2497 u^2 45% utilization.

Elapsed time: 0:09.13[h:]min:sec. CPU time: user 9.04 sys 0.07 (99%). Peak memory: 302272KB.
