OpenROAD v2.0-8453-g93fdf28ec 
This program is licensed under the BSD-3 license. See the LICENSE file for details.
Components of this program may be licensed under more restrictive licenses which must be honored.
[INFO] Deleted 0 routing obstructions
[INFO RCX-0431] Defined process_corner X with ext_model_index 0
[INFO RCX-0029] Defined extraction corner X
[INFO RCX-0008] extracting parasitics of aes_cipher_top ...
[INFO RCX-0435] Reading extraction model file ./platforms/asap7/rcx_patterns.rules ...
[INFO RCX-0436] RC segment generation aes_cipher_top (max_merge_res 50.0) ...
[INFO RCX-0040] Final 177734 rc segments
[INFO RCX-0439] Coupling Cap extraction aes_cipher_top ...
[INFO RCX-0440] Coupling threshhold is 0.1000 fF, coupling capacitance less than 0.1000 fF will be grounded.
[INFO RCX-0043] 177067 wires to be extracted
[INFO RCX-0442] 24% completion -- 43984 wires have been extracted
[INFO RCX-0442] 54% completion -- 96884 wires have been extracted
[INFO RCX-0442] 75% completion -- 133850 wires have been extracted
[INFO RCX-0442] 100% completion -- 177067 wires have been extracted
[INFO RCX-0045] Extract 25361 nets, 203088 rsegs, 203088 caps, 261909 ccs
[INFO RCX-0015] Finished extracting aes_cipher_top.
[INFO RCX-0016] Writing SPEF ...
[INFO RCX-0443] 25361 nets finished
[INFO RCX-0017] Finished writing SPEF ...
[INFO PSM-0083] Error file is specified as: ./reports/asap7/aes/base/VDD.rpt.
[WARNING PSM-0016] Voltage pad location (VSRC) file not specified, defaulting pad location to checkerboard pattern on core area.
[WARNING PSM-0017] X direction bump pitch is not specified, defaulting to 140um.
[WARNING PSM-0018] Y direction bump pitch is not specified, defaulting to 140um.
[WARNING PSM-0063] Specified bump pitches of 140.000 and 140.000 are less than core width of 74.736 or core height of 74.520. Changing bump location to the center of the die at (39.420, 39.420).
[WARNING PSM-0065] VSRC location not specified, using default checkerboard pattern with one VDD every size bumps in x-direction and one in two bumps in the y-direction
[INFO PSM-0076] Setting metal node density to be standard cell height times 5.
[INFO PSM-0031] Number of PDN nodes on net VDD = 37386.
[INFO PSM-0064] Number of voltage sources = 1.
[INFO PSM-0040] All PDN stripes on net VDD are connected.
########## IR report #################
Worstcase voltage: -1.30e-01 V
Average IR drop  : 7.35e-01 V
Worstcase IR drop: 9.00e-01 V
######################################
[INFO PSM-0083] Error file is specified as: ./reports/asap7/aes/base/VSS.rpt.
[WARNING PSM-0016] Voltage pad location (VSRC) file not specified, defaulting pad location to checkerboard pattern on core area.
[WARNING PSM-0017] X direction bump pitch is not specified, defaulting to 140um.
[WARNING PSM-0018] Y direction bump pitch is not specified, defaulting to 140um.
[WARNING PSM-0063] Specified bump pitches of 140.000 and 140.000 are less than core width of 74.736 or core height of 74.520. Changing bump location to the center of the die at (39.420, 39.420).
[WARNING PSM-0065] VSRC location not specified, using default checkerboard pattern with one VDD every size bumps in x-direction and one in two bumps in the y-direction
[INFO PSM-0076] Setting metal node density to be standard cell height times 5.
[INFO PSM-0031] Number of PDN nodes on net VSS = 37656.
[INFO PSM-0064] Number of voltage sources = 1.
[INFO PSM-0040] All PDN stripes on net VSS are connected.
########## IR report #################
Worstcase voltage: 9.08e-01 V
Average IR drop  : 7.37e-01 V
Worstcase IR drop: 9.08e-01 V
######################################

==========================================================================
finish check_setup
--------------------------------------------------------------------------

==========================================================================
finish report_tns
--------------------------------------------------------------------------
tns 0.00

==========================================================================
finish report_wns
--------------------------------------------------------------------------
wns 0.00

==========================================================================
finish report_worst_slack
--------------------------------------------------------------------------
worst slack 0.70

==========================================================================
finish report_clock_skew
--------------------------------------------------------------------------
Clock clk
Latency      CRPR       Skew
_44107_/CLK v
 116.47
_43975_/CLK v
 135.67     -0.24     -19.44


==========================================================================
finish report_checks -path_delay min
--------------------------------------------------------------------------
Startpoint: text_in[67] (input port clocked by clk)
Endpoint: _43888_ (falling edge-triggered flip-flop clocked by clk')
Path Group: clk
Path Type: min

Fanout     Cap    Slew   Delay    Time   Description
-----------------------------------------------------------------------------
                          0.00    0.00   clock clk (rise edge)
                          0.00    0.00   clock network delay (propagated)
                         80.00   80.00 ^ input external delay
                  0.00    0.00   80.00 ^ text_in[67] (in)
     1    1.86                           text_in[67] (net)
                  1.11    0.35   80.35 ^ hold3443/A (BUFx2_ASAP7_75t_R)
                  7.20   11.35   91.70 ^ hold3443/Y (BUFx2_ASAP7_75t_R)
     1    1.30                           net3848 (net)
                  7.23    0.24   91.94 ^ input222/A (BUFx2_ASAP7_75t_R)
                  5.37   12.30  104.23 ^ input222/Y (BUFx2_ASAP7_75t_R)
     1    0.68                           net222 (net)
                  5.37    0.06  104.29 ^ hold3444/A (BUFx2_ASAP7_75t_R)
                  5.31   11.68  115.98 ^ hold3444/Y (BUFx2_ASAP7_75t_R)
     1    0.66                           net3849 (net)
                  5.31    0.08  116.06 ^ _43638_/A2 (AO21x1_ASAP7_75t_R)
                  6.08   12.09  128.16 ^ _43638_/Y (AO21x1_ASAP7_75t_R)
     1    0.60                           _00997_ (net)
                  6.08    0.06  128.21 ^ hold3445/A (BUFx2_ASAP7_75t_R)
                  5.19   11.84  140.05 ^ hold3445/Y (BUFx2_ASAP7_75t_R)
     1    0.62                           net3850 (net)
                  5.19    0.05  140.10 ^ _43888_/D (DFFLQNx2_ASAP7_75t_R)
                                140.10   data arrival time

                          0.00    0.00   clock clk' (fall edge)
                          0.00    0.00   clock source latency
                  0.00    0.00    0.00 ^ clk (in)
     1    8.63                           clk (net)
                 14.62    4.61    4.61 ^ clkbuf_0_clk/A (BUFx4_ASAP7_75t_R)
                 15.20   23.35   27.96 ^ clkbuf_0_clk/Y (BUFx4_ASAP7_75t_R)
     2    6.33                           clknet_0_clk (net)
                 15.57    1.28   29.24 ^ clkbuf_1_1__f_clk/A (BUFx4_ASAP7_75t_R)
                 48.06   34.71   63.95 ^ clkbuf_1_1__f_clk/Y (BUFx4_ASAP7_75t_R)
    10   26.92                           clknet_1_1__leaf_clk (net)
                 51.73    7.08   71.03 ^ clkbuf_leaf_5_clk/A (BUFx4_ASAP7_75t_R)
                 41.34   42.25  113.28 ^ clkbuf_leaf_5_clk/Y (BUFx4_ASAP7_75t_R)
    30   26.58                           clknet_leaf_5_clk (net)
                 44.49    6.07  119.35 ^ _448_455/A (INVx1_ASAP7_75t_R)
                 19.16   14.58  133.93 v _448_455/Y (INVx1_ASAP7_75t_R)
     1    1.89                           net860 (net)
                 19.18    0.39  134.32 v _43888_/CLK (DFFLQNx2_ASAP7_75t_R)
                          0.00  134.32   clock reconvergence pessimism
                         13.71  148.03   library hold time
                                148.03   data required time
-----------------------------------------------------------------------------
                                148.03   data required time
                               -140.10   data arrival time
-----------------------------------------------------------------------------
                                 -7.93   slack (VIOLATED)



==========================================================================
finish report_checks -path_delay max
--------------------------------------------------------------------------
Startpoint: _44152_ (falling edge-triggered flip-flop clocked by clk')
Endpoint: _44116_ (falling edge-triggered flip-flop clocked by clk')
Path Group: clk
Path Type: max

Fanout     Cap    Slew   Delay    Time   Description
-----------------------------------------------------------------------------
                          0.00    0.00   clock clk' (fall edge)
                          0.00    0.00   clock source latency
                  0.00    0.00    0.00 ^ clk (in)
     1    8.63                           clk (net)
                 14.62    4.61    4.61 ^ clkbuf_0_clk/A (BUFx4_ASAP7_75t_R)
                 15.20   23.35   27.96 ^ clkbuf_0_clk/Y (BUFx4_ASAP7_75t_R)
     2    6.33                           clknet_0_clk (net)
                 15.57    1.28   29.24 ^ clkbuf_1_1__f_clk/A (BUFx4_ASAP7_75t_R)
                 48.06   34.71   63.95 ^ clkbuf_1_1__f_clk/Y (BUFx4_ASAP7_75t_R)
    10   26.92                           clknet_1_1__leaf_clk (net)
                 52.44    7.68   71.63 ^ clkbuf_leaf_9_clk/A (BUFx4_ASAP7_75t_R)
                 48.36   44.66  116.29 ^ clkbuf_leaf_9_clk/Y (BUFx4_ASAP7_75t_R)
    30   30.99                           clknet_leaf_9_clk (net)
                 52.20    7.24  123.53 ^ _148_191/A (INVx1_ASAP7_75t_R)
                 11.61    8.67  132.20 v _148_191/Y (INVx1_ASAP7_75t_R)
     1    0.60                           net596 (net)
                 11.61    0.04  132.24 v _44152_/CLK (DFFLQNx3_ASAP7_75t_R)
                 23.74   54.28  186.52 v _44152_/QN (DFFLQNx3_ASAP7_75t_R)
     3    4.76                           _00584_ (net)
                 23.79    0.56  187.08 v rebuffer796/A (BUFx12f_ASAP7_75t_R)
                 11.70   18.84  205.91 v rebuffer796/Y (BUFx12f_ASAP7_75t_R)
     5   18.26                           net1201 (net)
                 12.36    1.48  207.39 v rebuffer798/A (BUFx6f_ASAP7_75t_R)
                  5.51   13.68  221.08 v rebuffer798/Y (BUFx6f_ASAP7_75t_R)
     2    3.49                           net1203 (net)
                  5.64    0.41  221.49 v _35060_/B (NAND2x2_ASAP7_75t_R)
                 25.35   13.16  234.65 ^ _35060_/Y (NAND2x2_ASAP7_75t_R)
     4    6.81                           _05449_ (net)
                 25.38    0.42  235.07 ^ _35253_/A (NOR2x2_ASAP7_75t_R)
                 34.06   22.52  257.59 v _35253_/Y (NOR2x2_ASAP7_75t_R)
     6   11.08                           _05642_ (net)
                 35.98    4.32  261.91 v _35254_/A (INVx6_ASAP7_75t_R)
                 12.21   10.33  272.24 ^ _35254_/Y (INVx6_ASAP7_75t_R)
     3    4.25                           _05643_ (net)
                 12.22    0.19  272.42 ^ rebuffer2951/A (BUFx6f_ASAP7_75t_R)
                  9.40   13.84  286.26 ^ rebuffer2951/Y (BUFx6f_ASAP7_75t_R)
     4    6.35                           net3356 (net)
                 10.61    1.77  288.03 ^ _38097_/A1 (AO21x1_ASAP7_75t_R)
                 12.33   15.67  303.70 ^ _38097_/Y (AO21x1_ASAP7_75t_R)
     2    1.77                           _08760_ (net)
                 12.33    0.17  303.87 ^ _38345_/B (AND3x2_ASAP7_75t_R)
                 18.74   29.36  333.23 ^ _38345_/Y (AND3x2_ASAP7_75t_R)
     2    4.34                           _09031_ (net)
                 18.79    0.54  333.77 ^ _38351_/B (NAND3x2_ASAP7_75t_R)
                 12.81   10.50  344.27 v _38351_/Y (NAND3x2_ASAP7_75t_R)
     1    2.25                           _09037_ (net)
                 12.82    0.18  344.45 v _38373_/A (NOR2x2_ASAP7_75t_R)
                 13.54   11.22  355.66 ^ _38373_/Y (NOR2x2_ASAP7_75t_R)
     1    2.87                           _09061_ (net)
                 13.60    0.50  356.17 ^ _38415_/A (NAND2x2_ASAP7_75t_R)
                 39.21   18.03  374.20 v _38415_/Y (NAND2x2_ASAP7_75t_R)
     6   14.55                           _09108_ (net)
                 42.34    5.88  380.08 v rebuffer1334/A (BUFx16f_ASAP7_75t_R)
                  9.61   24.66  404.74 v rebuffer1334/Y (BUFx16f_ASAP7_75t_R)
     6   10.77                           net1739 (net)
                 13.56    3.20  407.95 v _38813_/B (XOR2x2_ASAP7_75t_R)
                 14.52   32.45  440.40 ^ _38813_/Y (XOR2x2_ASAP7_75t_R)
     3    3.39                           _09524_ (net)
                 14.52    0.16  440.56 ^ _38814_/B (XOR2x1_ASAP7_75t_R)
                 14.18   18.31  458.86 ^ _38814_/Y (XOR2x1_ASAP7_75t_R)
     1    1.13                           _09525_ (net)
                 14.18    0.07  458.93 ^ _38815_/A (NAND2x1_ASAP7_75t_R)
                 10.19    9.10  468.03 v _38815_/Y (NAND2x1_ASAP7_75t_R)
     1    1.32                           _09527_ (net)
                 10.19    0.09  468.12 v _38825_/A1 (AOI21x1_ASAP7_75t_R)
                 53.50   12.27  480.39 ^ _38825_/Y (AOI21x1_ASAP7_75t_R)
     2    3.18                           _09538_ (net)
                 53.51    0.35  480.74 ^ _38826_/A (INVx1_ASAP7_75t_R)
                 15.32   11.75  492.50 v _38826_/Y (INVx1_ASAP7_75t_R)
     1    1.14                           _09539_ (net)
                 15.32    0.05  492.54 v _38827_/A2 (AOI21x1_ASAP7_75t_R)
                 15.11   10.03  502.57 ^ _38827_/Y (AOI21x1_ASAP7_75t_R)
     1    1.08                           _09540_ (net)
                 15.11    0.04  502.61 ^ _38829_/A (NOR2x1_ASAP7_75t_R)
                 13.97   12.77  515.38 v _38829_/Y (NOR2x1_ASAP7_75t_R)
     1    1.52                           _00013_ (net)
                 14.01    0.41  515.79 v _44116_/D (DFFLQNx2_ASAP7_75t_R)
                                515.79   data arrival time

                        400.00  400.00   clock clk' (fall edge)
                          0.00  400.00   clock source latency
                  0.00    0.00  400.00 ^ clk (in)
     1    8.49                           clk (net)
                 14.23    4.49  404.49 ^ clkbuf_0_clk/A (BUFx4_ASAP7_75t_R)
                 15.20   23.23  427.72 ^ clkbuf_0_clk/Y (BUFx4_ASAP7_75t_R)
     2    6.05                           clknet_0_clk (net)
                 15.56    1.28  429.00 ^ clkbuf_1_1__f_clk/A (BUFx4_ASAP7_75t_R)
                 48.06   34.71  463.71 ^ clkbuf_1_1__f_clk/Y (BUFx4_ASAP7_75t_R)
    10   25.54                           clknet_1_1__leaf_clk (net)
                 52.08    7.38  471.09 ^ clkbuf_leaf_8_clk/A (BUFx4_ASAP7_75t_R)
                 45.83   44.49  515.58 ^ clkbuf_leaf_8_clk/Y (BUFx4_ASAP7_75t_R)
    30   24.64                           clknet_leaf_8_clk (net)
                 45.86    0.73  516.31 ^ _198_227/A (INVx1_ASAP7_75t_R)
                 10.64    8.15  524.46 v _198_227/Y (INVx1_ASAP7_75t_R)
     1    0.44                           net632 (net)
                 10.64    0.03  524.49 v _44116_/CLK (DFFLQNx2_ASAP7_75t_R)
                          0.24  524.73   clock reconvergence pessimism
                         -8.24  516.49   library setup time
                                516.49   data required time
-----------------------------------------------------------------------------
                                516.49   data required time
                               -515.79   data arrival time
-----------------------------------------------------------------------------
                                  0.70   slack (MET)



==========================================================================
finish report_checks -unconstrained
--------------------------------------------------------------------------
Startpoint: _44152_ (falling edge-triggered flip-flop clocked by clk')
Endpoint: _44116_ (falling edge-triggered flip-flop clocked by clk')
Path Group: clk
Path Type: max

Fanout     Cap    Slew   Delay    Time   Description
-----------------------------------------------------------------------------
                          0.00    0.00   clock clk' (fall edge)
                          0.00    0.00   clock source latency
                  0.00    0.00    0.00 ^ clk (in)
     1    8.63                           clk (net)
                 14.62    4.61    4.61 ^ clkbuf_0_clk/A (BUFx4_ASAP7_75t_R)
                 15.20   23.35   27.96 ^ clkbuf_0_clk/Y (BUFx4_ASAP7_75t_R)
     2    6.33                           clknet_0_clk (net)
                 15.57    1.28   29.24 ^ clkbuf_1_1__f_clk/A (BUFx4_ASAP7_75t_R)
                 48.06   34.71   63.95 ^ clkbuf_1_1__f_clk/Y (BUFx4_ASAP7_75t_R)
    10   26.92                           clknet_1_1__leaf_clk (net)
                 52.44    7.68   71.63 ^ clkbuf_leaf_9_clk/A (BUFx4_ASAP7_75t_R)
                 48.36   44.66  116.29 ^ clkbuf_leaf_9_clk/Y (BUFx4_ASAP7_75t_R)
    30   30.99                           clknet_leaf_9_clk (net)
                 52.20    7.24  123.53 ^ _148_191/A (INVx1_ASAP7_75t_R)
                 11.61    8.67  132.20 v _148_191/Y (INVx1_ASAP7_75t_R)
     1    0.60                           net596 (net)
                 11.61    0.04  132.24 v _44152_/CLK (DFFLQNx3_ASAP7_75t_R)
                 23.74   54.28  186.52 v _44152_/QN (DFFLQNx3_ASAP7_75t_R)
     3    4.76                           _00584_ (net)
                 23.79    0.56  187.08 v rebuffer796/A (BUFx12f_ASAP7_75t_R)
                 11.70   18.84  205.91 v rebuffer796/Y (BUFx12f_ASAP7_75t_R)
     5   18.26                           net1201 (net)
                 12.36    1.48  207.39 v rebuffer798/A (BUFx6f_ASAP7_75t_R)
                  5.51   13.68  221.08 v rebuffer798/Y (BUFx6f_ASAP7_75t_R)
     2    3.49                           net1203 (net)
                  5.64    0.41  221.49 v _35060_/B (NAND2x2_ASAP7_75t_R)
                 25.35   13.16  234.65 ^ _35060_/Y (NAND2x2_ASAP7_75t_R)
     4    6.81                           _05449_ (net)
                 25.38    0.42  235.07 ^ _35253_/A (NOR2x2_ASAP7_75t_R)
                 34.06   22.52  257.59 v _35253_/Y (NOR2x2_ASAP7_75t_R)
     6   11.08                           _05642_ (net)
                 35.98    4.32  261.91 v _35254_/A (INVx6_ASAP7_75t_R)
                 12.21   10.33  272.24 ^ _35254_/Y (INVx6_ASAP7_75t_R)
     3    4.25                           _05643_ (net)
                 12.22    0.19  272.42 ^ rebuffer2951/A (BUFx6f_ASAP7_75t_R)
                  9.40   13.84  286.26 ^ rebuffer2951/Y (BUFx6f_ASAP7_75t_R)
     4    6.35                           net3356 (net)
                 10.61    1.77  288.03 ^ _38097_/A1 (AO21x1_ASAP7_75t_R)
                 12.33   15.67  303.70 ^ _38097_/Y (AO21x1_ASAP7_75t_R)
     2    1.77                           _08760_ (net)
                 12.33    0.17  303.87 ^ _38345_/B (AND3x2_ASAP7_75t_R)
                 18.74   29.36  333.23 ^ _38345_/Y (AND3x2_ASAP7_75t_R)
     2    4.34                           _09031_ (net)
                 18.79    0.54  333.77 ^ _38351_/B (NAND3x2_ASAP7_75t_R)
                 12.81   10.50  344.27 v _38351_/Y (NAND3x2_ASAP7_75t_R)
     1    2.25                           _09037_ (net)
                 12.82    0.18  344.45 v _38373_/A (NOR2x2_ASAP7_75t_R)
                 13.54   11.22  355.66 ^ _38373_/Y (NOR2x2_ASAP7_75t_R)
     1    2.87                           _09061_ (net)
                 13.60    0.50  356.17 ^ _38415_/A (NAND2x2_ASAP7_75t_R)
                 39.21   18.03  374.20 v _38415_/Y (NAND2x2_ASAP7_75t_R)
     6   14.55                           _09108_ (net)
                 42.34    5.88  380.08 v rebuffer1334/A (BUFx16f_ASAP7_75t_R)
                  9.61   24.66  404.74 v rebuffer1334/Y (BUFx16f_ASAP7_75t_R)
     6   10.77                           net1739 (net)
                 13.56    3.20  407.95 v _38813_/B (XOR2x2_ASAP7_75t_R)
                 14.52   32.45  440.40 ^ _38813_/Y (XOR2x2_ASAP7_75t_R)
     3    3.39                           _09524_ (net)
                 14.52    0.16  440.56 ^ _38814_/B (XOR2x1_ASAP7_75t_R)
                 14.18   18.31  458.86 ^ _38814_/Y (XOR2x1_ASAP7_75t_R)
     1    1.13                           _09525_ (net)
                 14.18    0.07  458.93 ^ _38815_/A (NAND2x1_ASAP7_75t_R)
                 10.19    9.10  468.03 v _38815_/Y (NAND2x1_ASAP7_75t_R)
     1    1.32                           _09527_ (net)
                 10.19    0.09  468.12 v _38825_/A1 (AOI21x1_ASAP7_75t_R)
                 53.50   12.27  480.39 ^ _38825_/Y (AOI21x1_ASAP7_75t_R)
     2    3.18                           _09538_ (net)
                 53.51    0.35  480.74 ^ _38826_/A (INVx1_ASAP7_75t_R)
                 15.32   11.75  492.50 v _38826_/Y (INVx1_ASAP7_75t_R)
     1    1.14                           _09539_ (net)
                 15.32    0.05  492.54 v _38827_/A2 (AOI21x1_ASAP7_75t_R)
                 15.11   10.03  502.57 ^ _38827_/Y (AOI21x1_ASAP7_75t_R)
     1    1.08                           _09540_ (net)
                 15.11    0.04  502.61 ^ _38829_/A (NOR2x1_ASAP7_75t_R)
                 13.97   12.77  515.38 v _38829_/Y (NOR2x1_ASAP7_75t_R)
     1    1.52                           _00013_ (net)
                 14.01    0.41  515.79 v _44116_/D (DFFLQNx2_ASAP7_75t_R)
                                515.79   data arrival time

                        400.00  400.00   clock clk' (fall edge)
                          0.00  400.00   clock source latency
                  0.00    0.00  400.00 ^ clk (in)
     1    8.49                           clk (net)
                 14.23    4.49  404.49 ^ clkbuf_0_clk/A (BUFx4_ASAP7_75t_R)
                 15.20   23.23  427.72 ^ clkbuf_0_clk/Y (BUFx4_ASAP7_75t_R)
     2    6.05                           clknet_0_clk (net)
                 15.56    1.28  429.00 ^ clkbuf_1_1__f_clk/A (BUFx4_ASAP7_75t_R)
                 48.06   34.71  463.71 ^ clkbuf_1_1__f_clk/Y (BUFx4_ASAP7_75t_R)
    10   25.54                           clknet_1_1__leaf_clk (net)
                 52.08    7.38  471.09 ^ clkbuf_leaf_8_clk/A (BUFx4_ASAP7_75t_R)
                 45.83   44.49  515.58 ^ clkbuf_leaf_8_clk/Y (BUFx4_ASAP7_75t_R)
    30   24.64                           clknet_leaf_8_clk (net)
                 45.86    0.73  516.31 ^ _198_227/A (INVx1_ASAP7_75t_R)
                 10.64    8.15  524.46 v _198_227/Y (INVx1_ASAP7_75t_R)
     1    0.44                           net632 (net)
                 10.64    0.03  524.49 v _44116_/CLK (DFFLQNx2_ASAP7_75t_R)
                          0.24  524.73   clock reconvergence pessimism
                         -8.24  516.49   library setup time
                                516.49   data required time
-----------------------------------------------------------------------------
                                516.49   data required time
                               -515.79   data arrival time
-----------------------------------------------------------------------------
                                  0.70   slack (MET)



==========================================================================
finish report_check_types -max_slew -max_cap -max_fanout -violators
--------------------------------------------------------------------------

==========================================================================
finish max_slew_check_slack
--------------------------------------------------------------------------
67.03807067871094

==========================================================================
finish max_slew_check_limit
--------------------------------------------------------------------------
320.0

==========================================================================
finish max_slew_check_slack_limit
--------------------------------------------------------------------------
0.2095

==========================================================================
finish max_fanout_check_slack
--------------------------------------------------------------------------
1.0000000150474662e+30

==========================================================================
finish max_fanout_check_limit
--------------------------------------------------------------------------
1.0000000150474662e+30

==========================================================================
finish max_capacitance_check_slack
--------------------------------------------------------------------------
16.098331451416016

==========================================================================
finish max_capacitance_check_limit
--------------------------------------------------------------------------
23.040000915527344

==========================================================================
finish max_capacitance_check_slack_limit
--------------------------------------------------------------------------
0.6987

==========================================================================
finish max_slew_violation_count
--------------------------------------------------------------------------
max slew violation count 0

==========================================================================
finish max_fanout_violation_count
--------------------------------------------------------------------------
max fanout violation count 0

==========================================================================
finish max_cap_violation_count
--------------------------------------------------------------------------
max cap violation count 0

==========================================================================
finish setup_violation_count
--------------------------------------------------------------------------
setup violation count 0

==========================================================================
finish hold_violation_count
--------------------------------------------------------------------------
hold violation count 1

==========================================================================
finish critical path delay
--------------------------------------------------------------------------
515.7886

==========================================================================
finish critical path slack
--------------------------------------------------------------------------
0.7028

==========================================================================
finish slack div critical path delay
--------------------------------------------------------------------------
0.136257

==========================================================================
finish report_design_area
--------------------------------------------------------------------------
Design area 2844 u^2 51% utilization.

Signal 11 received
Stack trace:
Elapsed time: 0:19.46[h:]min:sec. CPU time: user 18.85 sys 0.48 (99%). Peak memory: 1609236KB.
